e:\acsoft\dvlp\projets\wsjtxhelper\wsjtxhelper\debug\wsjtxhelper.pch
e:\acsoft\dvlp\projets\wsjtxhelper\wsjtxhelper\debug\vc140.pdb
e:\acsoft\dvlp\projets\wsjtxhelper\wsjtxhelper\debug\vc140.idb
e:\acsoft\dvlp\projets\wsjtxhelper\wsjtxhelper\debug\stdafx.obj
e:\acsoft\dvlp\projets\wsjtxhelper\wsjtxhelper\debug\wsjtxhelper.obj
e:\acsoft\dvlp\projets\wsjtxhelper\wsjtxhelper\debug\wsjtxhelperdlg.obj
e:\acsoft\dvlp\projets\wsjtxhelper\debug\wsjtxhelper.ilk
e:\acsoft\dvlp\projets\wsjtxhelper\debug\wsjtxhelper.exe
e:\acsoft\dvlp\projets\wsjtxhelper\debug\wsjtxhelper.pdb
e:\acsoft\dvlp\projets\wsjtxhelper\wsjtxhelper\debug\wsjtxhelper.res
e:\acsoft\dvlp\projets\wsjtxhelper\wsjtxhelper\debug\wsjtxhelperdlg.obj.enc
e:\acsoft\dvlp\projets\wsjtxhelper\wsjtxhelper\debug\wsjtxhelper.tlog\cl.command.1.tlog
e:\acsoft\dvlp\projets\wsjtxhelper\wsjtxhelper\debug\wsjtxhelper.tlog\cl.read.1.tlog
e:\acsoft\dvlp\projets\wsjtxhelper\wsjtxhelper\debug\wsjtxhelper.tlog\cl.write.1.tlog
e:\acsoft\dvlp\projets\wsjtxhelper\wsjtxhelper\debug\wsjtxhelper.tlog\link.command.1.tlog
e:\acsoft\dvlp\projets\wsjtxhelper\wsjtxhelper\debug\wsjtxhelper.tlog\link.read.1.tlog
e:\acsoft\dvlp\projets\wsjtxhelper\wsjtxhelper\debug\wsjtxhelper.tlog\link.write.1.tlog
e:\acsoft\dvlp\projets\wsjtxhelper\wsjtxhelper\debug\wsjtxhelper.tlog\rc.command.1.tlog
e:\acsoft\dvlp\projets\wsjtxhelper\wsjtxhelper\debug\wsjtxhelper.tlog\rc.read.1.tlog
e:\acsoft\dvlp\projets\wsjtxhelper\wsjtxhelper\debug\wsjtxhelper.tlog\rc.write.1.tlog
